Arguments: 
  C:\Program Files\nodejs\node.exe C:\Users\devme\AppData\Roaming\npm\node_modules\yarn\bin\yarn.js

PATH: 
  C:\Users\devme\bin;C:\Program Files\Git\mingw64\bin;C:\Program Files\Git\usr\local\bin;C:\Program Files\Git\usr\bin;C:\Program Files\Git\usr\bin;C:\Program Files\Git\mingw64\bin;C:\Program Files\Git\usr\bin;C:\Users\devme\bin;C:\Program Files\Microsoft\jdk-11.0.12.7-hotspot\bin;C:\WINDOWS\system32;C:\WINDOWS;C:\WINDOWS\System32\Wbem;C:\WINDOWS\System32\WindowsPowerShell\v1.0;C:\WINDOWS\System32\OpenSSH;C:\MAMP\bin\php\php7.4.1;C:\composer;C:\Program Files\PuTTY;C:\Program Files\nodejs;C:\Program Files\Docker\Docker\resources\bin;C:\Program Files\dotnet;C:\Program Files\Kubernetes\Minikube;C:\Program Files\Go\bin;C:\ProgramData\chocolatey\bin;C:\Program Files\Git\cmd;C:\Program Files\Elixir\bin;C:\Program Files\Erlang OTP\bin;C:\Users\devme\AppData\Local\Programs\Python\Python311\Scripts;C:\Users\devme\AppData\Local\Programs\Python\Python311;C:\Program Files\Graphviz\bin;C:\Users\devme\AppData\Local\Programs\Microsoft VS Code\bin;C:\Users\devme\AppData\Local\Programs\Python\Python311\Scripts;C:\Program Files\Kubernetes\Minikube;C:\Users\devme\AppData\Local\hugo_extended_0.113.0_windows-amd64;%USERPROFILE%\go\bin;C:\Users\devme\AppData\Roaming\npm\node_modules\yarn\bin;C:\Program Files\PostgreSQL\15\bin;C:\Program Files\Git\usr\bin\vendor_perl;C:\Program Files\Git\usr\bin\core_perl

Yarn version: 
  1.22.19

Node version: 
  16.17.0

Platform: 
  win32 x64

Trace: 
  SyntaxError: C:\Users\devme\Desktop\Cryptou_project\back-cryptou\package.json: Unexpected token / in JSON at position 525
      at JSON.parse (<anonymous>)
      at C:\Users\devme\AppData\Roaming\npm\node_modules\yarn\lib\cli.js:1629:59
      at Generator.next (<anonymous>)
      at step (C:\Users\devme\AppData\Roaming\npm\node_modules\yarn\lib\cli.js:310:30)
      at C:\Users\devme\AppData\Roaming\npm\node_modules\yarn\lib\cli.js:321:13

npm manifest: 
  {
    "dependencies": {
      "@prisma/client": "^5.6.0",
      "axios": "^1.6.2",
      "body-parser": "^1.20.2",
      "dotenv": "^16.3.1",
      "express": "^4.18.2",
      "keyword-extractor": "^0.0.28",
      "rss-parser": "^3.13.0",
      "swagger-jsdoc": "^6.2.8",
      "swagger-ui-express": "^5.0.0",
      "jsonwebtoken": "^9.0.2",
      "ts-node": "^10.9.1",
      "typescript": "^5.2.2"
    },
    "prisma": {
      "seed": "ts-node prisma/seed.ts"
    },
    "scripts": {
      "start": "nodemon --watch \"*.ts\" --exec \"ts-node\" ./src/server.ts"
   // "start": "nodemon --watch \" *.ts \" --exec \" ts-node \" ./src/server.ts"
      
    },
    "name": "cryptou-back",
    "version": "1.0.0",
    "description": "backend crypto app",
    "main": "index.js",
    "repository": "https://github.com/tistech0/Cryptou/",
    "author": "Epitech Teams",
    "license": "MIT",
    "devDependencies": {
      "@types/express": "^4.17.21",
      "@types/node": "^20.9.0",
      "@types/swagger-jsdoc": "^6.0.4",
      "@types/swagger-ui-express": "^4.1.6",
      "nodemon": "^3.0.1",
      "prisma": "^5.6.0"
    }
  }

yarn manifest: 
  No manifest

Lockfile: 
  No lockfile
